{"/Users/heicao/itDoc/github/util/util/number/index.ts": {"path":"/Users/heicao/itDoc/github/util/util/number/index.ts","statementMap":{"0":{"start":{"line":1,"column":20},"end":{"line":5,"column":3}},"1":{"start":{"line":2,"column":4},"end":{"line":2,"column":60}},"2":{"start":{"line":2,"column":48},"end":{"line":2,"column":59}},"3":{"start":{"line":3,"column":19},"end":{"line":3,"column":35}},"4":{"start":{"line":4,"column":4},"end":{"line":4,"column":32}}},"fnMap":{"0":{"name":"(anonymous_0)","decl":{"start":{"line":1,"column":20},"end":{"line":1,"column":21}},"loc":{"start":{"line":1,"column":55},"end":{"line":5,"column":3}},"line":1}},"branchMap":{"0":{"loc":{"start":{"line":2,"column":4},"end":{"line":2,"column":60}},"type":"if","locations":[{"start":{"line":2,"column":4},"end":{"line":2,"column":60}},{"start":{"line":2,"column":4},"end":{"line":2,"column":60}}],"line":2},"1":{"loc":{"start":{"line":2,"column":7},"end":{"line":2,"column":46}},"type":"binary-expr","locations":[{"start":{"line":2,"column":7},"end":{"line":2,"column":34}},{"start":{"line":2,"column":37},"end":{"line":2,"column":46}}],"line":2}},"s":{"0":1,"1":7,"2":3,"3":4,"4":4},"f":{"0":7},"b":{"0":[3,4],"1":[7,5]},"_coverageSchema":"43e27e138ebf9cfc5966b082cf9a028302ed4184","hash":"8e338145a7ce3eba3a6866ef6ea880663874e286"}
}
